<?xml version="1.0" encoding="UTF-8"?>
<testsuite xmlns:xsi="http://www.w3.org/2001/XMLSchema-instance" xsi:noNamespaceSchemaLocation="https://maven.apache.org/surefire/maven-surefire-plugin/xsd/surefire-test-report-3.0.xsd" version="3.0" name="com.vendormanagement.vendor_management_system.VendorManagementSystemApplicationTests" time="9.987" tests="1" errors="0" skipped="0" failures="0">
  <properties>
[...]
</properties>
  <testcase name="contextLoads" classname="com.vendormanagement.vendor_management_system.VendorManagementSystemApplicationTests" time="0.598">
    <system-out><![CDATA[12:17:51.563 [main] INFO org.springframework.test.context.support.AnnotationConfigContextLoaderUtils -- Could not detect default configuration classes for test class [com.vendormanagement.vendor_management_system.VendorManagementSystemApplicationTests]: VendorManagementSystemApplicationTests does not declare any static, non-private, non-final, nested classes annotated with @Configuration.
12:17:51.829 [main] INFO org.springframework.boot.test.context.SpringBootTestContextBootstrapper -- Found @SpringBootConfiguration com.vendormanagement.vendor_management_system.VendorManagementSystemApplication for test class com.vendormanagement.vendor_management_system.VendorManagementSystemApplicationTests
12:17:52.123 [main] INFO org.springframework.boot.devtools.restart.RestartApplicationListener -- Restart disabled due to context in which it is running

  .   ____          _            __ _ _
 /\\ / ___'_ __ _ _(_)_ __  __ _ \ \ \ \
( ( )\___ | '_ | '_| | '_ \/ _` | \ \ \ \
 \\/  ___)| |_)| | | | | || (_| |  ) ) ) )
  '  |____| .__|_| |_|_| |_\__, | / / / /
 =========|_|==============|___/=/_/_/_/

 :: Spring Boot ::               (v3.3.12)

2025-06-02T12:17:52.812+05:30  INFO 26380 --- [vendor-management-system] [           main] v.VendorManagementSystemApplicationTests : Starting VendorManagementSystemApplicationTests using Java 24.0.1 with PID 26380 (started by Harshita Srivastava in C:\Users\Harshita Srivastava\Downloads\vendor-management-system)
2025-06-02T12:17:52.814+05:30 DEBUG 26380 --- [vendor-management-system] [           main] v.VendorManagementSystemApplicationTests : Running with Spring Boot v3.3.12, Spring v6.1.20
2025-06-02T12:17:52.815+05:30  INFO 26380 --- [vendor-management-system] [           main] v.VendorManagementSystemApplicationTests : No active profile set, falling back to 1 default profile: "default"
2025-06-02T12:17:52.919+05:30 DEBUG 26380 --- [vendor-management-system] [           main] o.s.w.c.s.GenericWebApplicationContext   : Refreshing org.springframework.web.context.support.GenericWebApplicationContext@5aa0dbf4
2025-06-02T12:17:54.525+05:30  INFO 26380 --- [vendor-management-system] [           main] .s.d.r.c.RepositoryConfigurationDelegate : Bootstrapping Spring Data JPA repositories in DEFAULT mode.
2025-06-02T12:17:54.655+05:30  INFO 26380 --- [vendor-management-system] [           main] .s.d.r.c.RepositoryConfigurationDelegate : Finished Spring Data repository scanning in 116 ms. Found 4 JPA repository interfaces.
2025-06-02T12:17:55.475+05:30  INFO 26380 --- [vendor-management-system] [           main] o.hibernate.jpa.internal.util.LogHelper  : HHH000204: Processing PersistenceUnitInfo [name: default]
2025-06-02T12:17:55.597+05:30  INFO 26380 --- [vendor-management-system] [           main] org.hibernate.Version                    : HHH000412: Hibernate ORM core version 6.5.3.Final
2025-06-02T12:17:55.654+05:30  INFO 26380 --- [vendor-management-system] [           main] o.h.c.internal.RegionFactoryInitiator    : HHH000026: Second-level cache disabled
2025-06-02T12:17:56.296+05:30  INFO 26380 --- [vendor-management-system] [           main] o.s.o.j.p.SpringPersistenceUnitInfo      : No LoadTimeWeaver setup: ignoring JPA class transformer
2025-06-02T12:17:56.368+05:30  INFO 26380 --- [vendor-management-system] [           main] com.zaxxer.hikari.HikariDataSource       : HikariPool-1 - Starting...
2025-06-02T12:17:56.795+05:30  INFO 26380 --- [vendor-management-system] [           main] com.zaxxer.hikari.pool.HikariPool        : HikariPool-1 - Added connection org.postgresql.jdbc.PgConnection@78479f2b
2025-06-02T12:17:56.797+05:30  INFO 26380 --- [vendor-management-system] [           main] com.zaxxer.hikari.HikariDataSource       : HikariPool-1 - Start completed.
2025-06-02T12:17:56.849+05:30  WARN 26380 --- [vendor-management-system] [           main] org.hibernate.orm.deprecation            : HHH90000025: PostgreSQLDialect does not need to be specified explicitly using 'hibernate.dialect' (remove the property setting and it will be selected by default)
2025-06-02T12:17:58.600+05:30  INFO 26380 --- [vendor-management-system] [           main] o.h.e.t.j.p.i.JtaPlatformInitiator       : HHH000489: No JTA platform available (set 'hibernate.transaction.jta.platform' to enable JTA platform integration)
Hibernate: 
    alter table if exists invoices 
       drop constraint if exists FKexhtmiecwek5gik79d9k7sq1k
Hibernate: 
    alter table if exists vendor_services 
       drop constraint if exists FKfinl06ngbmej4x377mc90cg8f
Hibernate: 
    alter table if exists vendor_services 
       drop constraint if exists FK190p3jid2c9omselykf5268du
Hibernate: 
    drop table if exists invoices cascade
Hibernate: 
    drop table if exists service_types cascade
Hibernate: 
    drop table if exists vendor_services cascade
Hibernate: 
    drop table if exists vendors cascade
Hibernate: 
    create table invoices (
        amount_exclusive numeric(10,2),
        amount_inclusive numeric(10,2),
        final_amount numeric(10,2) not null,
        gst_amount numeric(10,2),
        gst_percent numeric(5,2),
        invoice_month date not null,
        tds_amount numeric(10,2),
        tds_percent numeric(5,2),
        created_at timestamp(6),
        updated_at timestamp(6),
        id uuid not null,
        vendorservice_id uuid not null,
        invoice_number varchar(255) not null unique,
        invoice_type varchar(255) not null check (invoice_type in ('STANDARD','AVAILABLE','NOT_AVAILABLE')),
        primary key (id)
    )
Hibernate: 
    create table service_types (
        created_at timestamp(6),
        updated_at timestamp(6),
        id uuid not null,
        description varchar(1000),
        name varchar(255) not null unique,
        primary key (id)
    )
Hibernate: 
    create table vendor_services (
        tds_rate numeric(5,2),
        id uuid not null,
        service_id uuid not null,
        vendor_id uuid not null,
        primary key (id)
    )
Hibernate: 
    create table vendors (
        neft_enabled boolean,
        created_at timestamp(6),
        updated_at timestamp(6),
        id uuid not null,
        address TEXT,
        bank_acc varchar(255),
        contact varchar(255),
        gst_tan_cin varchar(255),
        ifsc varchar(255),
        name varchar(255) not null,
        primary key (id)
    )
Hibernate: 
    alter table if exists invoices 
       add constraint FKexhtmiecwek5gik79d9k7sq1k 
       foreign key (vendorservice_id) 
       references vendor_services
Hibernate: 
    alter table if exists vendor_services 
       add constraint FKfinl06ngbmej4x377mc90cg8f 
       foreign key (service_id) 
       references service_types
Hibernate: 
    alter table if exists vendor_services 
       add constraint FK190p3jid2c9omselykf5268du 
       foreign key (vendor_id) 
       references vendors
2025-06-02T12:17:58.694+05:30  INFO 26380 --- [vendor-management-system] [           main] j.LocalContainerEntityManagerFactoryBean : Initialized JPA EntityManagerFactory for persistence unit 'default'
2025-06-02T12:17:59.808+05:30  WARN 26380 --- [vendor-management-system] [           main] JpaBaseConfiguration$JpaWebConfiguration : spring.jpa.open-in-view is enabled by default. Therefore, database queries may be performed during view rendering. Explicitly configure spring.jpa.open-in-view to disable this warning
2025-06-02T12:18:00.044+05:30 DEBUG 26380 --- [vendor-management-system] [           main] s.w.s.m.m.a.RequestMappingHandlerMapping : 9 mappings in 'requestMappingHandlerMapping'
2025-06-02T12:18:00.297+05:30 DEBUG 26380 --- [vendor-management-system] [           main] o.s.w.s.handler.SimpleUrlHandlerMapping  : Patterns [/webjars/**, /**] in 'resourceHandlerMapping'
2025-06-02T12:18:00.353+05:30 DEBUG 26380 --- [vendor-management-system] [           main] s.w.s.m.m.a.RequestMappingHandlerAdapter : ControllerAdvice beans: 0 @ModelAttribute, 0 @InitBinder, 1 RequestBodyAdvice, 1 ResponseBodyAdvice
2025-06-02T12:18:00.399+05:30 DEBUG 26380 --- [vendor-management-system] [           main] .m.m.a.ExceptionHandlerExceptionResolver : ControllerAdvice beans: 0 @ExceptionHandler, 1 ResponseBodyAdvice
2025-06-02T12:18:00.610+05:30  INFO 26380 --- [vendor-management-system] [           main] v.VendorManagementSystemApplicationTests : Started VendorManagementSystemApplicationTests in 8.507 seconds (process running for 10.331)
]]></system-out>
    <system-err><![CDATA[WARNING: A Java agent has been loaded dynamically (C:\Users\Harshita Srivastava\.m2\repository\net\bytebuddy\byte-buddy-agent\1.14.19\byte-buddy-agent-1.14.19.jar)
WARNING: If a serviceability tool is in use, please run with -XX:+EnableDynamicAgentLoading to hide this warning
WARNING: If a serviceability tool is not in use, please run with -Djdk.instrument.traceUsage for more information
WARNING: Dynamic loading of agents will be disallowed by default in a future release
]]></system-err>
  </testcase>
</testsuite>